INFO  @ Wed, 08 Apr 2026 14:27:10.263: Parameters: bin/mageck_nest nest -k all.count.txt -d new_designmatrix.txt -n june --norm-method control -e negative_control --outliers_removal 
INFO  @ Wed, 08 Apr 2026 14:27:10.263: Cannot parse design matrix as a string; try to parse it as a file name ... 
INFO  @ Wed, 08 Apr 2026 14:27:10.264: Design matrix: 
INFO  @ Wed, 08 Apr 2026 14:27:10.265: [[1. 0. 0. 0.] 
INFO  @ Wed, 08 Apr 2026 14:27:10.265:  [0. 1. 0. 0.] 
INFO  @ Wed, 08 Apr 2026 14:27:10.265:  [0. 0. 1. 0.] 
INFO  @ Wed, 08 Apr 2026 14:27:10.265:  [0. 0. 0. 1.]] 
INFO  @ Wed, 08 Apr 2026 14:27:10.265: Beta labels:Baseline,CTRL,Pos,Neg 
INFO  @ Wed, 08 Apr 2026 14:27:10.265: Included samples:T0,D7,PSU,PSL 
INFO  @ Wed, 08 Apr 2026 14:27:10.266: Initiating ... 
INFO  @ Wed, 08 Apr 2026 14:27:10.294: Loaded 2313 genes. 
INFO  @ Wed, 08 Apr 2026 14:27:10.467: control sgRNAs for normalization:246 
DEBUG @ Wed, 08 Apr 2026 14:27:10.467: Initial (total) size factor: 1.0374997569370175 0.9025178243696982 1.195311099826752 0.9161446334797602 
DEBUG @ Wed, 08 Apr 2026 14:27:10.468: Median factor: 0.15633453258511493 0.7371071582502567 2.147792502943357 13.174982585606118 
INFO  @ Wed, 08 Apr 2026 14:27:10.468: Size factor: 6.396539417518385,1.3566548483585448,0.4655943246983075,0.07590142859790314 
INFO  @ Wed, 08 Apr 2026 14:27:24.532: Estimating dispersion factors ... 
INFO  @ Wed, 08 Apr 2026 14:28:09.876: Modeling the mean and variance ... 
INFO  @ Wed, 08 Apr 2026 14:28:09.957: Calculating beta scores ... 
INFO  @ Wed, 08 Apr 2026 14:28:12.136: 25159.51085555898 
INFO  @ Wed, 08 Apr 2026 14:28:12.150: 1655.2234357219647 
INFO  @ Wed, 08 Apr 2026 14:28:12.305: 1765.9306930713128 
INFO  @ Wed, 08 Apr 2026 14:28:12.375: 371.7196102662392 
INFO  @ Wed, 08 Apr 2026 14:28:12.773: 275.03322423676184 
INFO  @ Wed, 08 Apr 2026 14:28:12.845: 5326.881657714478 
INFO  @ Wed, 08 Apr 2026 14:28:12.982: 6863.448389468261 
INFO  @ Wed, 08 Apr 2026 14:28:13.018: 6998.137885926601 
INFO  @ Wed, 08 Apr 2026 14:28:13.034: 162.27043777231563 
INFO  @ Wed, 08 Apr 2026 14:28:13.225: 1753.2897274845993 
INFO  @ Wed, 08 Apr 2026 14:28:13.295: 237.1163966195813 
INFO  @ Wed, 08 Apr 2026 14:28:13.434: 1164.0089109526023 
INFO  @ Wed, 08 Apr 2026 14:28:13.461: 970.4256480998514 
INFO  @ Wed, 08 Apr 2026 14:28:13.680: 506.994082548951 
INFO  @ Wed, 08 Apr 2026 14:28:13.708: 5042.051006295015 
INFO  @ Wed, 08 Apr 2026 14:28:13.809: 355.52736287506036 
INFO  @ Wed, 08 Apr 2026 14:28:13.994: 16123.765183858375 
INFO  @ Wed, 08 Apr 2026 14:28:14.060: 1104.1116519813884 
INFO  @ Wed, 08 Apr 2026 14:28:14.095: 2143.926211804481 
INFO  @ Wed, 08 Apr 2026 14:28:14.357: 406.6121136221338 
INFO  @ Wed, 08 Apr 2026 14:28:14.493: 179.5785978153084 
INFO  @ Wed, 08 Apr 2026 14:28:14.507: 229.01741915243966 
INFO  @ Wed, 08 Apr 2026 14:28:14.679: 21210.11948514839 
INFO  @ Wed, 08 Apr 2026 14:28:14.779: 6256.76297102666 
INFO  @ Wed, 08 Apr 2026 14:28:14.857: 261.3548381156463 
INFO  @ Wed, 08 Apr 2026 14:28:14.894: 667.571829828558 
INFO  @ Wed, 08 Apr 2026 14:28:14.935: 5139.5422233005975 
INFO  @ Wed, 08 Apr 2026 14:28:14.998: 129.87263686251632 
INFO  @ Wed, 08 Apr 2026 14:28:15.012: 327.5162002650057 
INFO  @ Wed, 08 Apr 2026 14:28:15.229: 2061.586772953744 
INFO  @ Wed, 08 Apr 2026 14:28:15.308: 4778.061278826377 
INFO  @ Wed, 08 Apr 2026 14:28:15.350: 1056.5602363501223 
INFO  @ Wed, 08 Apr 2026 14:28:15.429: 294.49926896689675 
INFO  @ Wed, 08 Apr 2026 14:28:15.501: 754.9309845201361 
INFO  @ Wed, 08 Apr 2026 14:28:15.566: 915.8620403946501 
INFO  @ Wed, 08 Apr 2026 14:28:15.816: 169.24263187540672 
INFO  @ Wed, 08 Apr 2026 14:28:15.879: 113.80816933424337 
INFO  @ Wed, 08 Apr 2026 14:28:15.948: 5869.805718384151 
INFO  @ Wed, 08 Apr 2026 14:28:15.999: 1557.548970942594 
INFO  @ Wed, 08 Apr 2026 14:28:16.126: 818.2646308258669 
INFO  @ Wed, 08 Apr 2026 14:28:16.163: 123.82304054204542 
INFO  @ Wed, 08 Apr 2026 14:28:16.223: 5.273863033985322 
INFO  @ Wed, 08 Apr 2026 14:28:16.253: 2586.528549989767 
INFO  @ Wed, 08 Apr 2026 14:28:16.529: 3081.4406407745137 
INFO  @ Wed, 08 Apr 2026 14:28:16.598: 492.2791101665778 
INFO  @ Wed, 08 Apr 2026 14:28:16.706: 5586.68484382039 
INFO  @ Wed, 08 Apr 2026 14:28:17.252: 8020.508412782623 
INFO  @ Wed, 08 Apr 2026 14:28:17.281: 4119.274678606088 
INFO  @ Wed, 08 Apr 2026 14:28:17.672: 6136.8088030510235 
INFO  @ Wed, 08 Apr 2026 14:28:17.730: 177.3467519540458 
INFO  @ Wed, 08 Apr 2026 14:28:17.961: 346.784600478386 
INFO  @ Wed, 08 Apr 2026 14:28:17.987: 785.7598331615985 
INFO  @ Wed, 08 Apr 2026 14:28:18.056: 1560.7058117915178 
INFO  @ Wed, 08 Apr 2026 14:28:18.088: 5068.365377732112 
INFO  @ Wed, 08 Apr 2026 14:28:18.190: 1753.2635957881932 
INFO  @ Wed, 08 Apr 2026 14:28:18.428: 2084.351120423977 
INFO  @ Wed, 08 Apr 2026 14:28:18.553: 2461.030934189586 
INFO  @ Wed, 08 Apr 2026 14:28:18.567: 3084.3225254980857 
INFO  @ Wed, 08 Apr 2026 14:28:18.624: 1419.9361688761583 
INFO  @ Wed, 08 Apr 2026 14:28:18.836: 350.98443896624684 
INFO  @ Wed, 08 Apr 2026 14:28:18.851: 12030.358749323865 
INFO  @ Wed, 08 Apr 2026 14:28:18.975: 346.0085156506686 
INFO  @ Wed, 08 Apr 2026 14:28:19.015: 1289.8215393881708 
INFO  @ Wed, 08 Apr 2026 14:28:19.130: 312.47729111656537 
INFO  @ Wed, 08 Apr 2026 14:28:19.249: 8190.413334783051 
INFO  @ Wed, 08 Apr 2026 14:28:19.503: 718.0364128557412 
INFO  @ Wed, 08 Apr 2026 14:28:19.727: 1634.7700736206452 
INFO  @ Wed, 08 Apr 2026 14:28:19.954: 684.3901826058285 
INFO  @ Wed, 08 Apr 2026 14:28:20.216: 3770.6006254292784 
INFO  @ Wed, 08 Apr 2026 14:28:20.362: 2595.0068839048313 
INFO  @ Wed, 08 Apr 2026 14:28:20.539: 603.30908447074 
INFO  @ Wed, 08 Apr 2026 14:28:20.720: 287.69997061848863 
INFO  @ Wed, 08 Apr 2026 14:28:20.813: 670.3096253431754 
INFO  @ Wed, 08 Apr 2026 14:28:20.830: 1342.8524751586865 
INFO  @ Wed, 08 Apr 2026 14:28:21.201: 3236.7293605737555 
INFO  @ Wed, 08 Apr 2026 14:28:21.397: 376.86858730843124 
INFO  @ Wed, 08 Apr 2026 14:28:21.715: 1073.2040560512228 
INFO  @ Wed, 08 Apr 2026 14:28:21.837: 1791.7391333549683 
INFO  @ Wed, 08 Apr 2026 14:28:22.476: 23.601979663921764 
INFO  @ Wed, 08 Apr 2026 14:28:22.500: 1803.4983006596722 
INFO  @ Wed, 08 Apr 2026 14:28:22.940: Writing gene results to june_PPI_False_outliers_removal_False.gene_summary.txt 
INFO  @ Wed, 08 Apr 2026 14:28:22.940: Writing sgRNA results to june_PPI_False_outliers_removal_False.sgrna_summary.txt 
DEBUG @ Wed, 08 Apr 2026 14:28:23.312: Loaded backend qtagg version 6.9.2. 
DEBUG @ Wed, 08 Apr 2026 14:28:23.452: findfont: Matching sans\-serif:style=normal:variant=normal:weight=normal:stretch=normal:size=10.0. 
DEBUG @ Wed, 08 Apr 2026 14:28:23.452: findfont: score(FontEntry(fname='/home/stoca738/miniconda3/lib/python3.13/site-packages/matplotlib/mpl-data/fonts/ttf/cmtt10.ttf', name='cmtt10', style='normal', variant='normal', weight=400, stretch='normal', size='scalable')) = 10.05 
DEBUG @ Wed, 08 Apr 2026 14:28:23.452: findfont: score(FontEntry(fname='/home/stoca738/miniconda3/lib/python3.13/site-packages/matplotlib/mpl-data/fonts/ttf/DejaVuSerif-Bold.ttf', name='DejaVu Serif', style='normal', variant='normal', weight=700, stretch='normal', size='scalable')) = 10.335 
DEBUG @ Wed, 08 Apr 2026 14:28:23.452: findfont: score(FontEntry(fname='/home/stoca738/miniconda3/lib/python3.13/site-packages/matplotlib/mpl-data/fonts/ttf/cmex10.ttf', name='cmex10', style='normal', variant='normal', weight=400, stretch='normal', size='scalable')) = 10.05 
DEBUG @ Wed, 08 Apr 2026 14:28:23.452: findfont: score(FontEntry(fname='/home/stoca738/miniconda3/lib/python3.13/site-packages/matplotlib/mpl-data/fonts/ttf/STIXSizThreeSymBol.ttf', name='STIXSizeThreeSym', style='normal', variant='normal', weight=700, stretch='normal', size='scalable')) = 10.335 
DEBUG @ Wed, 08 Apr 2026 14:28:23.452: findfont: score(FontEntry(fname='/home/stoca738/miniconda3/lib/python3.13/site-packages/matplotlib/mpl-data/fonts/ttf/DejaVuSerif-Italic.ttf', name='DejaVu Serif', style='italic', variant='normal', weight=400, stretch='normal', size='scalable')) = 11.05 
DEBUG @ Wed, 08 Apr 2026 14:28:23.452: findfont: score(FontEntry(fname='/home/stoca738/miniconda3/lib/python3.13/site-packages/matplotlib/mpl-data/fonts/ttf/STIXSizTwoSymBol.ttf', name='STIXSizeTwoSym', style='normal', variant='normal', weight=700, stretch='normal', size='scalable')) = 10.335 
DEBUG @ Wed, 08 Apr 2026 14:28:23.452: findfont: score(FontEntry(fname='/home/stoca738/miniconda3/lib/python3.13/site-packages/matplotlib/mpl-data/fonts/ttf/DejaVuSerif.ttf', name='DejaVu Serif', style='normal', variant='normal', weight=400, stretch='normal', size='scalable')) = 10.05 
DEBUG @ Wed, 08 Apr 2026 14:28:23.452: findfont: score(FontEntry(fname='/home/stoca738/miniconda3/lib/python3.13/site-packages/matplotlib/mpl-data/fonts/ttf/STIXNonUniBolIta.ttf', name='STIXNonUnicode', style='italic', variant='normal', weight=700, stretch='normal', size='scalable')) = 11.335 
DEBUG @ Wed, 08 Apr 2026 14:28:23.452: findfont: score(FontEntry(fname='/home/stoca738/miniconda3/lib/python3.13/site-packages/matplotlib/mpl-data/fonts/ttf/STIXGeneralBol.ttf', name='STIXGeneral', style='normal', variant='normal', weight=700, stretch='normal', size='scalable')) = 10.335 
DEBUG @ Wed, 08 Apr 2026 14:28:23.452: findfont: score(FontEntry(fname='/home/stoca738/miniconda3/lib/python3.13/site-packages/matplotlib/mpl-data/fonts/ttf/DejaVuSans-Bold.ttf', name='DejaVu Sans', style='normal', variant='normal', weight=700, stretch='normal', size='scalable')) = 0.33499999999999996 
DEBUG @ Wed, 08 Apr 2026 14:28:23.453: findfont: score(FontEntry(fname='/home/stoca738/miniconda3/lib/python3.13/site-packages/matplotlib/mpl-data/fonts/ttf/cmss10.ttf', name='cmss10', style='normal', variant='normal', weight=400, stretch='normal', size='scalable')) = 10.05 
DEBUG @ Wed, 08 Apr 2026 14:28:23.453: findfont: score(FontEntry(fname='/home/stoca738/miniconda3/lib/python3.13/site-packages/matplotlib/mpl-data/fonts/ttf/STIXSizFiveSymReg.ttf', name='STIXSizeFiveSym', style='normal', variant='normal', weight=400, stretch='normal', size='scalable')) = 10.05 
DEBUG @ Wed, 08 Apr 2026 14:28:23.453: findfont: score(FontEntry(fname='/home/stoca738/miniconda3/lib/python3.13/site-packages/matplotlib/mpl-data/fonts/ttf/DejaVuSerifDisplay.ttf', name='DejaVu Serif Display', style='normal', variant='normal', weight=400, stretch='normal', size='scalable')) = 10.05 
DEBUG @ Wed, 08 Apr 2026 14:28:23.453: findfont: score(FontEntry(fname='/home/stoca738/miniconda3/lib/python3.13/site-packages/matplotlib/mpl-data/fonts/ttf/DejaVuSans-BoldOblique.ttf', name='DejaVu Sans', style='oblique', variant='normal', weight=700, stretch='normal', size='scalable')) = 1.335 
DEBUG @ Wed, 08 Apr 2026 14:28:23.453: findfont: score(FontEntry(fname='/home/stoca738/miniconda3/lib/python3.13/site-packages/matplotlib/mpl-data/fonts/ttf/STIXGeneralBolIta.ttf', name='STIXGeneral', style='italic', variant='normal', weight=700, stretch='normal', size='scalable')) = 11.335 
DEBUG @ Wed, 08 Apr 2026 14:28:23.453: findfont: score(FontEntry(fname='/home/stoca738/miniconda3/lib/python3.13/site-packages/matplotlib/mpl-data/fonts/ttf/DejaVuSansMono-Bold.ttf', name='DejaVu Sans Mono', style='normal', variant='normal', weight=700, stretch='normal', size='scalable')) = 10.335 
DEBUG @ Wed, 08 Apr 2026 14:28:23.453: findfont: score(FontEntry(fname='/home/stoca738/miniconda3/lib/python3.13/site-packages/matplotlib/mpl-data/fonts/ttf/DejaVuSans.ttf', name='DejaVu Sans', style='normal', variant='normal', weight=400, stretch='normal', size='scalable')) = 0.05 
DEBUG @ Wed, 08 Apr 2026 14:28:23.453: findfont: score(FontEntry(fname='/home/stoca738/miniconda3/lib/python3.13/site-packages/matplotlib/mpl-data/fonts/ttf/STIXSizTwoSymReg.ttf', name='STIXSizeTwoSym', style='normal', variant='normal', weight=400, stretch='normal', size='scalable')) = 10.05 
DEBUG @ Wed, 08 Apr 2026 14:28:23.453: findfont: score(FontEntry(fname='/home/stoca738/miniconda3/lib/python3.13/site-packages/matplotlib/mpl-data/fonts/ttf/STIXSizOneSymReg.ttf', name='STIXSizeOneSym', style='normal', variant='normal', weight=400, stretch='normal', size='scalable')) = 10.05 
DEBUG @ Wed, 08 Apr 2026 14:28:23.453: findfont: score(FontEntry(fname='/home/stoca738/miniconda3/lib/python3.13/site-packages/matplotlib/mpl-data/fonts/ttf/STIXNonUni.ttf', name='STIXNonUnicode', style='normal', variant='normal', weight=400, stretch='normal', size='scalable')) = 10.05 
DEBUG @ Wed, 08 Apr 2026 14:28:23.453: findfont: score(FontEntry(fname='/home/stoca738/miniconda3/lib/python3.13/site-packages/matplotlib/mpl-data/fonts/ttf/STIXSizThreeSymReg.ttf', name='STIXSizeThreeSym', style='normal', variant='normal', weight=400, stretch='normal', size='scalable')) = 10.05 
DEBUG @ Wed, 08 Apr 2026 14:28:23.453: findfont: score(FontEntry(fname='/home/stoca738/miniconda3/lib/python3.13/site-packages/matplotlib/mpl-data/fonts/ttf/cmr10.ttf', name='cmr10', style='normal', variant='normal', weight=400, stretch='normal', size='scalable')) = 10.05 
DEBUG @ Wed, 08 Apr 2026 14:28:23.453: findfont: score(FontEntry(fname='/home/stoca738/miniconda3/lib/python3.13/site-packages/matplotlib/mpl-data/fonts/ttf/DejaVuSansMono-Oblique.ttf', name='DejaVu Sans Mono', style='oblique', variant='normal', weight=400, stretch='normal', size='scalable')) = 11.05 
DEBUG @ Wed, 08 Apr 2026 14:28:23.453: findfont: score(FontEntry(fname='/home/stoca738/miniconda3/lib/python3.13/site-packages/matplotlib/mpl-data/fonts/ttf/DejaVuSansMono.ttf', name='DejaVu Sans Mono', style='normal', variant='normal', weight=400, stretch='normal', size='scalable')) = 10.05 
DEBUG @ Wed, 08 Apr 2026 14:28:23.453: findfont: score(FontEntry(fname='/home/stoca738/miniconda3/lib/python3.13/site-packages/matplotlib/mpl-data/fonts/ttf/STIXNonUniBol.ttf', name='STIXNonUnicode', style='normal', variant='normal', weight=700, stretch='normal', size='scalable')) = 10.335 
DEBUG @ Wed, 08 Apr 2026 14:28:23.453: findfont: score(FontEntry(fname='/home/stoca738/miniconda3/lib/python3.13/site-packages/matplotlib/mpl-data/fonts/ttf/STIXGeneral.ttf', name='STIXGeneral', style='normal', variant='normal', weight=400, stretch='normal', size='scalable')) = 10.05 
DEBUG @ Wed, 08 Apr 2026 14:28:23.453: findfont: score(FontEntry(fname='/home/stoca738/miniconda3/lib/python3.13/site-packages/matplotlib/mpl-data/fonts/ttf/STIXSizFourSymBol.ttf', name='STIXSizeFourSym', style='normal', variant='normal', weight=700, stretch='normal', size='scalable')) = 10.335 
DEBUG @ Wed, 08 Apr 2026 14:28:23.453: findfont: score(FontEntry(fname='/home/stoca738/miniconda3/lib/python3.13/site-packages/matplotlib/mpl-data/fonts/ttf/DejaVuSansDisplay.ttf', name='DejaVu Sans Display', style='normal', variant='normal', weight=400, stretch='normal', size='scalable')) = 10.05 
DEBUG @ Wed, 08 Apr 2026 14:28:23.453: findfont: score(FontEntry(fname='/home/stoca738/miniconda3/lib/python3.13/site-packages/matplotlib/mpl-data/fonts/ttf/cmsy10.ttf', name='cmsy10', style='normal', variant='normal', weight=400, stretch='normal', size='scalable')) = 10.05 
DEBUG @ Wed, 08 Apr 2026 14:28:23.453: findfont: score(FontEntry(fname='/home/stoca738/miniconda3/lib/python3.13/site-packages/matplotlib/mpl-data/fonts/ttf/STIXNonUniIta.ttf', name='STIXNonUnicode', style='italic', variant='normal', weight=400, stretch='normal', size='scalable')) = 11.05 
DEBUG @ Wed, 08 Apr 2026 14:28:23.453: findfont: score(FontEntry(fname='/home/stoca738/miniconda3/lib/python3.13/site-packages/matplotlib/mpl-data/fonts/ttf/DejaVuSans-Oblique.ttf', name='DejaVu Sans', style='oblique', variant='normal', weight=400, stretch='normal', size='scalable')) = 1.05 
DEBUG @ Wed, 08 Apr 2026 14:28:23.453: findfont: score(FontEntry(fname='/home/stoca738/miniconda3/lib/python3.13/site-packages/matplotlib/mpl-data/fonts/ttf/cmb10.ttf', name='cmb10', style='normal', variant='normal', weight=400, stretch='normal', size='scalable')) = 10.05 
DEBUG @ Wed, 08 Apr 2026 14:28:23.453: findfont: score(FontEntry(fname='/home/stoca738/miniconda3/lib/python3.13/site-packages/matplotlib/mpl-data/fonts/ttf/STIXSizFourSymReg.ttf', name='STIXSizeFourSym', style='normal', variant='normal', weight=400, stretch='normal', size='scalable')) = 10.05 
DEBUG @ Wed, 08 Apr 2026 14:28:23.453: findfont: score(FontEntry(fname='/home/stoca738/miniconda3/lib/python3.13/site-packages/matplotlib/mpl-data/fonts/ttf/DejaVuSansMono-BoldOblique.ttf', name='DejaVu Sans Mono', style='oblique', variant='normal', weight=700, stretch='normal', size='scalable')) = 11.335 
DEBUG @ Wed, 08 Apr 2026 14:28:23.453: findfont: score(FontEntry(fname='/home/stoca738/miniconda3/lib/python3.13/site-packages/matplotlib/mpl-data/fonts/ttf/DejaVuSerif-BoldItalic.ttf', name='DejaVu Serif', style='italic', variant='normal', weight=700, stretch='normal', size='scalable')) = 11.335 
DEBUG @ Wed, 08 Apr 2026 14:28:23.453: findfont: score(FontEntry(fname='/home/stoca738/miniconda3/lib/python3.13/site-packages/matplotlib/mpl-data/fonts/ttf/STIXGeneralItalic.ttf', name='STIXGeneral', style='italic', variant='normal', weight=400, stretch='normal', size='scalable')) = 11.05 
DEBUG @ Wed, 08 Apr 2026 14:28:23.453: findfont: score(FontEntry(fname='/home/stoca738/miniconda3/lib/python3.13/site-packages/matplotlib/mpl-data/fonts/ttf/cmmi10.ttf', name='cmmi10', style='normal', variant='normal', weight=400, stretch='normal', size='scalable')) = 10.05 
DEBUG @ Wed, 08 Apr 2026 14:28:23.453: findfont: score(FontEntry(fname='/home/stoca738/miniconda3/lib/python3.13/site-packages/matplotlib/mpl-data/fonts/ttf/STIXSizOneSymBol.ttf', name='STIXSizeOneSym', style='normal', variant='normal', weight=700, stretch='normal', size='scalable')) = 10.335 
DEBUG @ Wed, 08 Apr 2026 14:28:23.453: findfont: score(FontEntry(fname='/usr/share/fonts/google-droid-sans-fonts/DroidSansArmenian.ttf', name='Droid Sans Armenian', style='normal', variant='normal', weight=400, stretch='normal', size='scalable')) = 10.05 
DEBUG @ Wed, 08 Apr 2026 14:28:23.453: findfont: score(FontEntry(fname='/usr/share/fonts/google-noto/NotoSansGurmukhi-SemiBold.ttf', name='Noto Sans Gurmukhi', style='normal', variant='normal', weight=600, stretch='normal', size='scalable')) = 10.24 
DEBUG @ Wed, 08 Apr 2026 14:28:23.454: findfont: score(FontEntry(fname='/usr/share/fonts/pt-sans-fonts/PTN57F.ttf', name='PT Sans Narrow', style='normal', variant='normal', weight=400, stretch='condensed', size='scalable')) = 10.25 
DEBUG @ Wed, 08 Apr 2026 14:28:23.454: findfont: score(FontEntry(fname='/usr/share/fonts/julietaula-montserrat/Montserrat-Medium.otf', name='Montserrat', style='normal', variant='normal', weight=500, stretch='normal', size='scalable')) = 10.145 
DEBUG @ Wed, 08 Apr 2026 14:28:23.454: findfont: score(FontEntry(fname='/usr/share/fonts/julietaula-montserrat/Montserrat-SemiBoldItalic.otf', name='Montserrat', style='italic', variant='normal', weight=600, stretch='normal', size='scalable')) = 11.24 
DEBUG @ Wed, 08 Apr 2026 14:28:23.454: findfont: score(FontEntry(fname='/usr/share/fonts/google-noto/NotoSansGurmukhi-Thin.ttf', name='Noto Sans Gurmukhi', style='normal', variant='normal', weight=100, stretch='normal', size='scalable')) = 10.335 
DEBUG @ Wed, 08 Apr 2026 14:28:23.454: findfont: score(FontEntry(fname='/usr/share/fonts/google-droid-sans-fonts/DroidSansTamil-Bold.ttf', name='Droid Sans Tamil', style='normal', variant='normal', weight=700, stretch='normal', size='scalable')) = 10.335 
DEBUG @ Wed, 08 Apr 2026 14:28:23.454: findfont: score(FontEntry(fname='/usr/share/fonts/dejavu-serif-fonts/DejaVuSerifCondensed-BoldItalic.ttf', name='DejaVu Serif', style='italic', variant='normal', weight=700, stretch='condensed', size='scalable')) = 11.535 
DEBUG @ Wed, 08 Apr 2026 14:28:23.454: findfont: score(FontEntry(fname='/usr/share/fonts/pt-sans-fonts/PTS76F.ttf', name='PT Sans', style='italic', variant='normal', weight=700, stretch='normal', size='scalable')) = 11.335 
DEBUG @ Wed, 08 Apr 2026 14:28:23.454: findfont: score(FontEntry(fname='/usr/share/fonts/cantarell/Cantarell-ExtraBold.otf', name='Cantarell', style='normal', variant='normal', weight=800, stretch='normal', size='scalable')) = 10.43 
DEBUG @ Wed, 08 Apr 2026 14:28:23.454: findfont: score(FontEntry(fname='/usr/share/fonts/google-noto/NotoSansGurmukhi-ExtraCondensedBold.ttf', name='Noto Sans Gurmukhi', style='normal', variant='normal', weight=700, stretch='condensed', size='scalable')) = 10.535 
DEBUG @ Wed, 08 Apr 2026 14:28:23.454: findfont: score(FontEntry(fname='/usr/share/fonts/google-droid-sans-fonts/DroidKufi-Bold.ttf', name='Droid Arabic Kufi', style='normal', variant='normal', weight=700, stretch='normal', size='scalable')) = 10.335 
DEBUG @ Wed, 08 Apr 2026 14:28:23.454: findfont: score(FontEntry(fname='/usr/share/fonts/urw-base35/NimbusRoman-BoldItalic.otf', name='Nimbus Roman', style='italic', variant='normal', weight=700, stretch='normal', size='scalable')) = 11.335 
DEBUG @ Wed, 08 Apr 2026 14:28:23.454: findfont: score(FontEntry(fname='/usr/share/fonts/google-noto/NotoSansGurmukhi-ExtraBold.ttf', name='Noto Sans Gurmukhi', style='normal', variant='normal', weight=800, stretch='normal', size='scalable')) = 10.43 
DEBUG @ Wed, 08 Apr 2026 14:28:23.454: findfont: score(FontEntry(fname='/usr/share/fonts/google-noto/NotoSansGurmukhi-ExtraCondensedThin.ttf', name='Noto Sans Gurmukhi', style='normal', variant='normal', weight=100, stretch='condensed', size='scalable')) = 10.535 
DEBUG @ Wed, 08 Apr 2026 14:28:23.454: findfont: score(FontEntry(fname='/usr/share/fonts/google-noto/NotoSansGurmukhi-SemiCondensedLight.ttf', name='Noto Sans Gurmukhi', style='normal', variant='normal', weight=300, stretch='condensed', size='scalable')) = 10.344999999999999 
DEBUG @ Wed, 08 Apr 2026 14:28:23.454: findfont: score(FontEntry(fname='/usr/share/fonts/urw-base35/P052-Roman.otf', name='P052', style='normal', variant='normal', weight=400, stretch='normal', size='scalable')) = 10.05 
DEBUG @ Wed, 08 Apr 2026 14:28:23.454: findfont: score(FontEntry(fname='/usr/share/fonts/google-noto/NotoSansGurmukhi-SemiCondensed.ttf', name='Noto Sans Gurmukhi', style='normal', variant='normal', weight=400, stretch='condensed', size='scalable')) = 10.25 
DEBUG @ Wed, 08 Apr 2026 14:28:23.454: findfont: score(FontEntry(fname='/usr/share/fonts/adobe-source-code-pro/SourceCodePro-SemiboldIt.otf', name='Source Code Pro', style='italic', variant='normal', weight=600, stretch='normal', size='scalable')) = 11.24 
DEBUG @ Wed, 08 Apr 2026 14:28:23.454: findfont: score(FontEntry(fname='/usr/share/fonts/lohit-gujarati/Lohit-Gujarati.ttf', name='Lohit Gujarati', style='normal', variant='normal', weight=400, stretch='normal', size='scalable')) = 10.05 
DEBUG @ Wed, 08 Apr 2026 14:28:23.454: findfont: score(FontEntry(fname='/usr/share/fonts/google-droid-sans-fonts/DroidSans-Bold.ttf', name='Droid Sans', style='normal', variant='normal', weight=700, stretch='normal', size='scalable')) = 10.335 
DEBUG @ Wed, 08 Apr 2026 14:28:23.454: findfont: score(FontEntry(fname='/usr/share/fonts/google-noto/NotoSansGurmukhi-Condensed.ttf', name='Noto Sans Gurmukhi', style='normal', variant='normal', weight=400, stretch='condensed', size='scalable')) = 10.25 
DEBUG @ Wed, 08 Apr 2026 14:28:23.454: findfont: score(FontEntry(fname='/usr/share/fonts/lohit-bengali/Lohit-Bengali.ttf', name='Lohit Bengali', style='normal', variant='normal', weight=400, stretch='normal', size='scalable')) = 10.05 
DEBUG @ Wed, 08 Apr 2026 14:28:23.454: findfont: score(FontEntry(fname='/usr/share/fonts/thai-scalable/Waree.otf', name='Waree', style='normal', variant='normal', weight=400, stretch='normal', size='scalable')) = 10.05 
DEBUG @ Wed, 08 Apr 2026 14:28:23.454: findfont: score(FontEntry(fname='/usr/share/fonts/urw-base35/D050000L.otf', name='D050000L', style='normal', variant='normal', weight=400, stretch='normal', size='scalable')) = 10.05 
DEBUG @ Wed, 08 Apr 2026 14:28:23.454: findfont: score(FontEntry(fname='/usr/share/fonts/urw-base35/P052-BoldItalic.otf', name='P052', style='italic', variant='normal', weight=700, stretch='normal', size='scalable')) = 11.335 
DEBUG @ Wed, 08 Apr 2026 14:28:23.454: findfont: score(FontEntry(fname='/usr/share/fonts/google-noto/NotoSansGurmukhi-CondensedBlack.ttf', name='Noto Sans Gurmukhi', style='normal', variant='normal', weight=900, stretch='condensed', size='scalable')) = 10.725 
DEBUG @ Wed, 08 Apr 2026 14:28:23.454: findfont: score(FontEntry(fname='/usr/share/fonts/julietaula-montserrat/Montserrat-Regular.otf', name='Montserrat', style='normal', variant='normal', weight=400, stretch='normal', size='scalable')) = 10.05 
DEBUG @ Wed, 08 Apr 2026 14:28:23.454: findfont: score(FontEntry(fname='/usr/share/fonts/lohit-devanagari/Lohit-Devanagari.ttf', name='Lohit Devanagari', style='normal', variant='normal', weight=400, stretch='normal', size='scalable')) = 10.05 
DEBUG @ Wed, 08 Apr 2026 14:28:23.454: findfont: score(FontEntry(fname='/usr/share/fonts/urw-base35/NimbusRoman-Italic.otf', name='Nimbus Roman', style='italic', variant='normal', weight=400, stretch='normal', size='scalable')) = 11.05 
DEBUG @ Wed, 08 Apr 2026 14:28:23.454: findfont: score(FontEntry(fname='/usr/share/fonts/dejavu-serif-fonts/DejaVuSerif-Bold.ttf', name='DejaVu Serif', style='normal', variant='normal', weight=700, stretch='normal', size='scalable')) = 10.335 
DEBUG @ Wed, 08 Apr 2026 14:28:23.454: findfont: score(FontEntry(fname='/usr/share/fonts/google-noto/NotoSansGurmukhi-ExtraCondensed.ttf', name='Noto Sans Gurmukhi', style='normal', variant='normal', weight=400, stretch='condensed', size='scalable')) = 10.25 
DEBUG @ Wed, 08 Apr 2026 14:28:23.454: findfont: score(FontEntry(fname='/usr/share/fonts/dejavu-serif-fonts/DejaVuSerifCondensed.ttf', name='DejaVu Serif', style='normal', variant='normal', weight=400, stretch='condensed', size='scalable')) = 10.25 
DEBUG @ Wed, 08 Apr 2026 14:28:23.455: findfont: score(FontEntry(fname='/usr/share/fonts/liberation-serif/LiberationSerif-BoldItalic.ttf', name='Liberation Serif', style='italic', variant='normal', weight=700, stretch='normal', size='scalable')) = 11.335 
DEBUG @ Wed, 08 Apr 2026 14:28:23.455: findfont: score(FontEntry(fname='/usr/share/fonts/liberation-sans/LiberationSans-BoldItalic.ttf', name='Liberation Sans', style='italic', variant='normal', weight=700, stretch='normal', size='scalable')) = 11.335 
DEBUG @ Wed, 08 Apr 2026 14:28:23.455: findfont: score(FontEntry(fname='/usr/share/fonts/urw-base35/URWGothic-Demi.otf', name='URW Gothic', style='normal', variant='normal', weight=600, stretch='normal', size='scalable')) = 10.24 
DEBUG @ Wed, 08 Apr 2026 14:28:23.455: findfont: score(FontEntry(fname='/usr/share/fonts/urw-base35/Z003-MediumItalic.otf', name='Z003', style='italic', variant='normal', weight=500, stretch='normal', size='scalable')) = 11.145 
DEBUG @ Wed, 08 Apr 2026 14:28:23.455: findfont: score(FontEntry(fname='/usr/share/fonts/lohit-odia/Lohit-Odia.ttf', name='Lohit Odia', style='normal', variant='normal', weight=400, stretch='normal', size='scalable')) = 10.05 
DEBUG @ Wed, 08 Apr 2026 14:28:23.455: findfont: score(FontEntry(fname='/usr/share/fonts/dejavu-serif-fonts/DejaVuSerif.ttf', name='DejaVu Serif', style='normal', variant='normal', weight=400, stretch='normal', size='scalable')) = 10.05 
DEBUG @ Wed, 08 Apr 2026 14:28:23.455: findfont: score(FontEntry(fname='/usr/share/fonts/julietaula-montserrat/Montserrat-Black.otf', name='Montserrat', style='normal', variant='normal', weight=900, stretch='normal', size='scalable')) = 10.525 
DEBUG @ Wed, 08 Apr 2026 14:28:23.455: findfont: score(FontEntry(fname='/usr/share/fonts/google-noto-cjk/NotoSansCJK-Regular.ttc', name='Noto Sans CJK JP', style='normal', variant='normal', weight=400, stretch='normal', size='scalable')) = 10.05 
DEBUG @ Wed, 08 Apr 2026 14:28:23.455: findfont: score(FontEntry(fname='/usr/share/fonts/pt-sans-fonts/PTC55F.ttf', name='PT Sans Caption', style='normal', variant='normal', weight=400, stretch='normal', size='scalable')) = 10.05 
DEBUG @ Wed, 08 Apr 2026 14:28:23.455: findfont: score(FontEntry(fname='/usr/share/fonts/google-noto/NotoSansGurmukhi-ExtraLight.ttf', name='Noto Sans Gurmukhi', style='normal', variant='normal', weight=200, stretch='normal', size='scalable')) = 10.24 
DEBUG @ Wed, 08 Apr 2026 14:28:23.455: findfont: score(FontEntry(fname='/usr/share/fonts/urw-base35/URWBookman-Light.otf', name='URW Bookman', style='normal', variant='normal', weight=300, stretch='normal', size='scalable')) = 10.145 
DEBUG @ Wed, 08 Apr 2026 14:28:23.455: findfont: score(FontEntry(fname='/usr/share/fonts/sil-padauk/Padauk-Bold.ttf', name='Padauk', style='normal', variant='normal', weight=700, stretch='normal', size='scalable')) = 10.335 
DEBUG @ Wed, 08 Apr 2026 14:28:23.455: findfont: score(FontEntry(fname='/usr/share/fonts/dejavu-sans-fonts/DejaVuSans-ExtraLight.ttf', name='DejaVu Sans', style='normal', variant='normal', weight=200, stretch='normal', size='scalable')) = 0.24 
DEBUG @ Wed, 08 Apr 2026 14:28:23.455: findfont: score(FontEntry(fname='/usr/share/fonts/urw-base35/NimbusSans-Regular.otf', name='Nimbus Sans', style='normal', variant='normal', weight=400, stretch='normal', size='scalable')) = 10.05 
DEBUG @ Wed, 08 Apr 2026 14:28:23.455: findfont: score(FontEntry(fname='/usr/share/fonts/dejavu-serif-fonts/DejaVuSerif-Italic.ttf', name='DejaVu Serif', style='italic', variant='normal', weight=400, stretch='normal', size='scalable')) = 11.05 
DEBUG @ Wed, 08 Apr 2026 14:28:23.455: findfont: score(FontEntry(fname='/usr/share/fonts/dejavu-sans-fonts/DejaVuSansCondensed-Oblique.ttf', name='DejaVu Sans', style='oblique', variant='normal', weight=400, stretch='condensed', size='scalable')) = 1.25 
DEBUG @ Wed, 08 Apr 2026 14:28:23.455: findfont: score(FontEntry(fname='/usr/share/fonts/urw-base35/URWBookman-DemiItalic.otf', name='URW Bookman', style='italic', variant='normal', weight=600, stretch='normal', size='scalable')) = 11.24 
DEBUG @ Wed, 08 Apr 2026 14:28:23.455: findfont: score(FontEntry(fname='/usr/share/fonts/dejavu-sans-mono-fonts/DejaVuSansMono-Bold.ttf', name='DejaVu Sans Mono', style='normal', variant='normal', weight=700, stretch='normal', size='scalable')) = 10.335 
DEBUG @ Wed, 08 Apr 2026 14:28:23.455: findfont: score(FontEntry(fname='/usr/share/fonts/urw-base35/URWBookman-Demi.otf', name='URW Bookman', style='normal', variant='normal', weight=600, stretch='normal', size='scalable')) = 10.24 
DEBUG @ Wed, 08 Apr 2026 14:28:23.455: findfont: score(FontEntry(fname='/usr/share/fonts/google-noto/NotoSansGurmukhi-ExtraCondensedExtraLight.ttf', name='Noto Sans Gurmukhi', style='normal', variant='normal', weight=200, stretch='condensed', size='scalable')) = 10.44 
DEBUG @ Wed, 08 Apr 2026 14:28:23.455: findfont: score(FontEntry(fname='/usr/share/fonts/google-noto-cjk/NotoSerifCJK-Medium.ttc', name='Noto Serif CJK JP', style='normal', variant='normal', weight=500, stretch='normal', size='scalable')) = 10.145 
DEBUG @ Wed, 08 Apr 2026 14:28:23.455: findfont: score(FontEntry(fname='/usr/share/fonts/lohit-kannada/Lohit-Kannada.ttf', name='Lohit Kannada', style='normal', variant='normal', weight=400, stretch='normal', size='scalable')) = 10.05 
DEBUG @ Wed, 08 Apr 2026 14:28:23.455: findfont: score(FontEntry(fname='/usr/share/fonts/google-noto/NotoSansGurmukhi-SemiCondensedBlack.ttf', name='Noto Sans Gurmukhi', style='normal', variant='normal', weight=900, stretch='condensed', size='scalable')) = 10.725 
DEBUG @ Wed, 08 Apr 2026 14:28:23.455: findfont: score(FontEntry(fname='/usr/share/fonts/stix-fonts/STIX2Text-BoldItalic.otf', name='STIX Two Text', style='italic', variant='normal', weight=700, stretch='normal', size='scalable')) = 11.335 
DEBUG @ Wed, 08 Apr 2026 14:28:23.455: findfont: score(FontEntry(fname='/usr/share/fonts/google-noto-cjk/NotoSerifCJK-Black.ttc', name='Noto Serif CJK JP', style='normal', variant='normal', weight=900, stretch='normal', size='scalable')) = 10.525 
DEBUG @ Wed, 08 Apr 2026 14:28:23.455: findfont: score(FontEntry(fname='/usr/share/fonts/urw-base35/URWGothic-BookOblique.otf', name='URW Gothic', style='oblique', variant='normal', weight=400, stretch='normal', size='scalable')) = 11.05 
DEBUG @ Wed, 08 Apr 2026 14:28:23.455: findfont: score(FontEntry(fname='/usr/share/fonts/urw-base35/NimbusRoman-Regular.otf', name='Nimbus Roman', style='normal', variant='normal', weight=400, stretch='normal', size='scalable')) = 10.05 
DEBUG @ Wed, 08 Apr 2026 14:28:23.455: findfont: score(FontEntry(fname='/usr/share/fonts/cantarell/Cantarell-Regular.otf', name='Cantarell', style='normal', variant='normal', weight=400, stretch='normal', size='scalable')) = 10.05 
DEBUG @ Wed, 08 Apr 2026 14:28:23.455: findfont: score(FontEntry(fname='/usr/share/fonts/pt-sans-fonts/PTS75F.ttf', name='PT Sans', style='normal', variant='normal', weight=700, stretch='normal', size='scalable')) = 10.335 
DEBUG @ Wed, 08 Apr 2026 14:28:23.455: findfont: score(FontEntry(fname='/usr/share/fonts/dejavu-sans-fonts/DejaVuSansCondensed-BoldOblique.ttf', name='DejaVu Sans', style='oblique', variant='normal', weight=700, stretch='condensed', size='scalable')) = 1.535 
DEBUG @ Wed, 08 Apr 2026 14:28:23.455: findfont: score(FontEntry(fname='/usr/share/fonts/julietaula-montserrat/Montserrat-MediumItalic.otf', name='Montserrat', style='italic', variant='normal', weight=500, stretch='normal', size='scalable')) = 11.145 
DEBUG @ Wed, 08 Apr 2026 14:28:23.455: findfont: score(FontEntry(fname='/usr/share/fonts/google-droid-sans-fonts/DroidSansTamil-Regular.ttf', name='Droid Sans Tamil', style='normal', variant='normal', weight=400, stretch='normal', size='scalable')) = 10.05 
DEBUG @ Wed, 08 Apr 2026 14:28:23.455: findfont: score(FontEntry(fname='/usr/share/fonts/adobe-source-code-pro/SourceCodePro-Regular.otf', name='Source Code Pro', style='normal', variant='normal', weight=400, stretch='normal', size='scalable')) = 10.05 
DEBUG @ Wed, 08 Apr 2026 14:28:23.456: findfont: score(FontEntry(fname='/usr/share/fonts/google-noto-vf/NotoSansSinhala-VF.ttf', name='Noto Sans Sinhala', style='normal', variant='normal', weight=400, stretch='normal', size='scalable')) = 10.05 
DEBUG @ Wed, 08 Apr 2026 14:28:23.456: findfont: score(FontEntry(fname='/usr/share/fonts/google-noto/NotoSansGurmukhi-ExtraCondensedMedium.ttf', name='Noto Sans Gurmukhi', style='normal', variant='normal', weight=500, stretch='condensed', size='scalable')) = 10.344999999999999 
DEBUG @ Wed, 08 Apr 2026 14:28:23.456: findfont: score(FontEntry(fname='/usr/share/fonts/dejavu-sans-fonts/DejaVuSans-Bold.ttf', name='DejaVu Sans', style='normal', variant='normal', weight=700, stretch='normal', size='scalable')) = 0.33499999999999996 
DEBUG @ Wed, 08 Apr 2026 14:28:23.456: findfont: score(FontEntry(fname='/usr/share/fonts/dejavu-sans-mono-fonts/DejaVuSansMono.ttf', name='DejaVu Sans Mono', style='normal', variant='normal', weight=400, stretch='normal', size='scalable')) = 10.05 
DEBUG @ Wed, 08 Apr 2026 14:28:23.456: findfont: score(FontEntry(fname='/usr/share/fonts/google-droid-sans-fonts/DroidKufi-Regular.ttf', name='Droid Arabic Kufi', style='normal', variant='normal', weight=400, stretch='normal', size='scalable')) = 10.05 
DEBUG @ Wed, 08 Apr 2026 14:28:23.456: findfont: score(FontEntry(fname='/usr/share/fonts/google-droid-sans-fonts/DroidSansHebrew-Regular.ttf', name='Droid Sans Hebrew', style='normal', variant='normal', weight=400, stretch='normal', size='scalable')) = 10.05 
DEBUG @ Wed, 08 Apr 2026 14:28:23.456: findfont: score(FontEntry(fname='/usr/share/fonts/pt-sans-fonts/PTS56F.ttf', name='PT Sans', style='italic', variant='normal', weight=400, stretch='normal', size='scalable')) = 11.05 
DEBUG @ Wed, 08 Apr 2026 14:28:23.456: findfont: score(FontEntry(fname='/usr/share/fonts/adobe-source-code-pro/SourceCodePro-BoldIt.otf', name='Source Code Pro', style='italic', variant='normal', weight=700, stretch='normal', size='scalable')) = 11.335 
DEBUG @ Wed, 08 Apr 2026 14:28:23.456: findfont: score(FontEntry(fname='/usr/share/fonts/google-droid-sans-fonts/DroidSansThai.ttf', name='Droid Sans Thai', style='normal', variant='normal', weight=400, stretch='normal', size='scalable')) = 10.05 
DEBUG @ Wed, 08 Apr 2026 14:28:23.456: findfont: score(FontEntry(fname='/usr/share/fonts/cantarell/Cantarell-Light.otf', name='Cantarell', style='normal', variant='normal', weight=300, stretch='normal', size='scalable')) = 10.145 
DEBUG @ Wed, 08 Apr 2026 14:28:23.456: findfont: score(FontEntry(fname='/usr/share/fonts/julietaula-montserrat/Montserrat-Light.otf', name='Montserrat', style='normal', variant='normal', weight=300, stretch='normal', size='scalable')) = 10.145 
DEBUG @ Wed, 08 Apr 2026 14:28:23.456: findfont: score(FontEntry(fname='/usr/share/fonts/google-noto/NotoSansGurmukhi-SemiCondensedThin.ttf', name='Noto Sans Gurmukhi', style='normal', variant='normal', weight=100, stretch='condensed', size='scalable')) = 10.535 
DEBUG @ Wed, 08 Apr 2026 14:28:23.456: findfont: score(FontEntry(fname='/usr/share/fonts/google-noto/NotoSansGurmukhi-Light.ttf', name='Noto Sans Gurmukhi', style='normal', variant='normal', weight=300, stretch='normal', size='scalable')) = 10.145 
DEBUG @ Wed, 08 Apr 2026 14:28:23.456: findfont: score(FontEntry(fname='/usr/share/fonts/dejavu-sans-mono-fonts/DejaVuSansMono-BoldOblique.ttf', name='DejaVu Sans Mono', style='oblique', variant='normal', weight=700, stretch='normal', size='scalable')) = 11.335 
DEBUG @ Wed, 08 Apr 2026 14:28:23.456: findfont: score(FontEntry(fname='/usr/share/fonts/urw-base35/C059-Bold.otf', name='C059', style='normal', variant='normal', weight=700, stretch='normal', size='scalable')) = 10.335 
DEBUG @ Wed, 08 Apr 2026 14:28:23.456: findfont: score(FontEntry(fname='/usr/share/fonts/google-noto-cjk/NotoSansCJK-Bold.ttc', name='Noto Sans CJK JP', style='normal', variant='normal', weight=700, stretch='normal', size='scalable')) = 10.335 
DEBUG @ Wed, 08 Apr 2026 14:28:23.456: findfont: score(FontEntry(fname='/usr/share/fonts/urw-base35/NimbusSansNarrow-Regular.otf', name='Nimbus Sans Narrow', style='normal', variant='normal', weight=400, stretch='condensed', size='scalable')) = 10.25 
DEBUG @ Wed, 08 Apr 2026 14:28:23.456: findfont: score(FontEntry(fname='/usr/share/fonts/urw-base35/URWGothic-Book.otf', name='URW Gothic', style='normal', variant='normal', weight=400, stretch='normal', size='scalable')) = 10.05 
DEBUG @ Wed, 08 Apr 2026 14:28:23.456: findfont: score(FontEntry(fname='/usr/share/fonts/liberation-mono/LiberationMono-Italic.ttf', name='Liberation Mono', style='italic', variant='normal', weight=400, stretch='normal', size='scalable')) = 11.05 
DEBUG @ Wed, 08 Apr 2026 14:28:23.456: findfont: score(FontEntry(fname='/usr/share/fonts/google-noto-cjk/NotoSerifCJK-Bold.ttc', name='Noto Serif CJK JP', style='normal', variant='normal', weight=700, stretch='normal', size='scalable')) = 10.335 
DEBUG @ Wed, 08 Apr 2026 14:28:23.456: findfont: score(FontEntry(fname='/usr/share/fonts/dejavu-serif-fonts/DejaVuMathTeXGyre.ttf', name='DejaVu Math TeX Gyre', style='normal', variant='normal', weight=400, stretch='normal', size='scalable')) = 10.05 
DEBUG @ Wed, 08 Apr 2026 14:28:23.456: findfont: score(FontEntry(fname='/usr/share/fonts/liberation-mono/LiberationMono-Bold.ttf', name='Liberation Mono', style='normal', variant='normal', weight=700, stretch='normal', size='scalable')) = 10.335 
DEBUG @ Wed, 08 Apr 2026 14:28:23.456: findfont: score(FontEntry(fname='/usr/share/fonts/julietaula-montserrat/Montserrat-SemiBold.otf', name='Montserrat', style='normal', variant='normal', weight=600, stretch='normal', size='scalable')) = 10.24 
DEBUG @ Wed, 08 Apr 2026 14:28:23.456: findfont: score(FontEntry(fname='/usr/share/fonts/cantarell/Cantarell-Bold.otf', name='Cantarell', style='normal', variant='normal', weight=700, stretch='normal', size='scalable')) = 10.335 
DEBUG @ Wed, 08 Apr 2026 14:28:23.456: findfont: score(FontEntry(fname='/usr/share/fonts/thai-scalable/Waree-Oblique.otf', name='Waree', style='oblique', variant='normal', weight=400, stretch='normal', size='scalable')) = 11.05 
DEBUG @ Wed, 08 Apr 2026 14:28:23.456: findfont: score(FontEntry(fname='/usr/share/fonts/urw-base35/NimbusSansNarrow-Oblique.otf', name='Nimbus Sans Narrow', style='oblique', variant='normal', weight=400, stretch='condensed', size='scalable')) = 11.25 
DEBUG @ Wed, 08 Apr 2026 14:28:23.456: findfont: score(FontEntry(fname='/usr/share/fonts/julietaula-montserrat/Montserrat-BlackItalic.otf', name='Montserrat', style='italic', variant='normal', weight=900, stretch='normal', size='scalable')) = 11.525 
DEBUG @ Wed, 08 Apr 2026 14:28:23.456: findfont: score(FontEntry(fname='/usr/share/fonts/google-noto/NotoSansGurmukhi-Black.ttf', name='Noto Sans Gurmukhi', style='normal', variant='normal', weight=900, stretch='normal', size='scalable')) = 10.525 
DEBUG @ Wed, 08 Apr 2026 14:28:23.456: findfont: score(FontEntry(fname='/usr/share/fonts/urw-base35/NimbusSansNarrow-Bold.otf', name='Nimbus Sans Narrow', style='normal', variant='normal', weight=700, stretch='condensed', size='scalable')) = 10.535 
DEBUG @ Wed, 08 Apr 2026 14:28:23.456: findfont: score(FontEntry(fname='/usr/share/fonts/google-droid-sans-fonts/DroidSansJapanese.ttf', name='Droid Sans Japanese', style='normal', variant='normal', weight=400, stretch='normal', size='scalable')) = 10.05 
DEBUG @ Wed, 08 Apr 2026 14:28:23.456: findfont: score(FontEntry(fname='/usr/share/fonts/google-noto/NotoSansGurmukhi-ExtraCondensedLight.ttf', name='Noto Sans Gurmukhi', style='normal', variant='normal', weight=300, stretch='condensed', size='scalable')) = 10.344999999999999 
DEBUG @ Wed, 08 Apr 2026 14:28:23.456: findfont: score(FontEntry(fname='/usr/share/fonts/google-noto/NotoSansGurmukhi-CondensedLight.ttf', name='Noto Sans Gurmukhi', style='normal', variant='normal', weight=300, stretch='condensed', size='scalable')) = 10.344999999999999 
DEBUG @ Wed, 08 Apr 2026 14:28:23.457: findfont: score(FontEntry(fname='/usr/share/fonts/julietaula-montserrat/Montserrat-BoldItalic.otf', name='Montserrat', style='italic', variant='normal', weight=700, stretch='normal', size='scalable')) = 11.335 
DEBUG @ Wed, 08 Apr 2026 14:28:23.457: findfont: score(FontEntry(fname='/usr/share/fonts/dejavu-sans-mono-fonts/DejaVuSansMono-Oblique.ttf', name='DejaVu Sans Mono', style='oblique', variant='normal', weight=400, stretch='normal', size='scalable')) = 11.05 
DEBUG @ Wed, 08 Apr 2026 14:28:23.457: findfont: score(FontEntry(fname='/usr/share/fonts/adobe-source-code-pro/SourceCodePro-Medium.otf', name='Source Code Pro', style='normal', variant='normal', weight=500, stretch='normal', size='scalable')) = 10.145 
DEBUG @ Wed, 08 Apr 2026 14:28:23.457: findfont: score(FontEntry(fname='/usr/share/fonts/google-noto-cjk/NotoSansCJK-Light.ttc', name='Noto Sans CJK JP', style='normal', variant='normal', weight=300, stretch='normal', size='scalable')) = 10.145 
DEBUG @ Wed, 08 Apr 2026 14:28:23.457: findfont: score(FontEntry(fname='/usr/share/fonts/google-droid-sans-fonts/DroidSansFallbackFull.ttf', name='Droid Sans Fallback', style='normal', variant='normal', weight=400, stretch='normal', size='scalable')) = 10.05 
DEBUG @ Wed, 08 Apr 2026 14:28:23.457: findfont: score(FontEntry(fname='/usr/share/fonts/sil-abyssinica-fonts/AbyssinicaSIL-R.ttf', name='Abyssinica SIL', style='normal', variant='normal', weight=400, stretch='normal', size='scalable')) = 10.05 
DEBUG @ Wed, 08 Apr 2026 14:28:23.457: findfont: score(FontEntry(fname='/usr/share/fonts/julietaula-montserrat/Montserrat-ExtraBoldItalic.otf', name='Montserrat', style='italic', variant='normal', weight=800, stretch='normal', size='scalable')) = 11.43 
DEBUG @ Wed, 08 Apr 2026 14:28:23.457: findfont: score(FontEntry(fname='/usr/share/fonts/stix-fonts/STIX2Text-Regular.otf', name='STIX Two Text', style='normal', variant='normal', weight=400, stretch='normal', size='scalable')) = 10.05 
DEBUG @ Wed, 08 Apr 2026 14:28:23.457: findfont: score(FontEntry(fname='/usr/share/fonts/urw-base35/C059-BdIta.otf', name='C059', style='italic', variant='normal', weight=700, stretch='normal', size='scalable')) = 11.335 
DEBUG @ Wed, 08 Apr 2026 14:28:23.457: findfont: score(FontEntry(fname='/usr/share/fonts/urw-base35/NimbusMonoPS-Regular.otf', name='Nimbus Mono PS', style='normal', variant='normal', weight=400, stretch='normal', size='scalable')) = 10.05 
DEBUG @ Wed, 08 Apr 2026 14:28:23.457: findfont: score(FontEntry(fname='/usr/share/fonts/julietaula-montserrat/Montserrat-Italic.otf', name='Montserrat', style='italic', variant='normal', weight=400, stretch='normal', size='scalable')) = 11.05 
DEBUG @ Wed, 08 Apr 2026 14:28:23.457: findfont: score(FontEntry(fname='/usr/share/fonts/google-noto-cjk/NotoSansCJK-Thin.ttc', name='Noto Sans CJK JP', style='normal', variant='normal', weight=100, stretch='normal', size='scalable')) = 10.335 
DEBUG @ Wed, 08 Apr 2026 14:28:23.457: findfont: score(FontEntry(fname='/usr/share/fonts/urw-base35/NimbusSansNarrow-BoldOblique.otf', name='Nimbus Sans Narrow', style='oblique', variant='normal', weight=700, stretch='condensed', size='scalable')) = 11.535 
DEBUG @ Wed, 08 Apr 2026 14:28:23.457: findfont: score(FontEntry(fname='/usr/share/fonts/stix-fonts/STIX2Text-Italic.otf', name='STIX Two Text', style='italic', variant='normal', weight=400, stretch='normal', size='scalable')) = 11.05 
DEBUG @ Wed, 08 Apr 2026 14:28:23.457: findfont: score(FontEntry(fname='/usr/share/fonts/google-droid-sans-fonts/DroidSans.ttf', name='Droid Sans', style='normal', variant='normal', weight=400, stretch='normal', size='scalable')) = 10.05 
DEBUG @ Wed, 08 Apr 2026 14:28:23.457: findfont: score(FontEntry(fname='/usr/share/fonts/dejavu-serif-fonts/DejaVuSerif-BoldItalic.ttf', name='DejaVu Serif', style='italic', variant='normal', weight=700, stretch='normal', size='scalable')) = 11.335 
DEBUG @ Wed, 08 Apr 2026 14:28:23.457: findfont: score(FontEntry(fname='/usr/share/fonts/dejavu-serif-fonts/DejaVuSerifCondensed-Italic.ttf', name='DejaVu Serif', style='italic', variant='normal', weight=400, stretch='condensed', size='scalable')) = 11.25 
DEBUG @ Wed, 08 Apr 2026 14:28:23.457: findfont: score(FontEntry(fname='/usr/share/fonts/google-noto/NotoSansGurmukhi-CondensedExtraLight.ttf', name='Noto Sans Gurmukhi', style='normal', variant='normal', weight=200, stretch='condensed', size='scalable')) = 10.44 
DEBUG @ Wed, 08 Apr 2026 14:28:23.457: findfont: score(FontEntry(fname='/usr/share/fonts/google-noto/NotoSansGurmukhi-CondensedExtraBold.ttf', name='Noto Sans Gurmukhi', style='normal', variant='normal', weight=800, stretch='condensed', size='scalable')) = 10.629999999999999 
DEBUG @ Wed, 08 Apr 2026 14:28:23.457: findfont: score(FontEntry(fname='/usr/share/fonts/google-droid-sans-fonts/DroidSansEthiopic-Regular.ttf', name='Droid Sans Ethiopic', style='normal', variant='normal', weight=400, stretch='normal', size='scalable')) = 10.05 
DEBUG @ Wed, 08 Apr 2026 14:28:23.457: findfont: score(FontEntry(fname='/usr/share/fonts/urw-base35/P052-Bold.otf', name='P052', style='normal', variant='normal', weight=700, stretch='normal', size='scalable')) = 10.335 
DEBUG @ Wed, 08 Apr 2026 14:28:23.457: findfont: score(FontEntry(fname='/usr/share/fonts/urw-base35/C059-Italic.otf', name='C059', style='italic', variant='normal', weight=400, stretch='normal', size='scalable')) = 11.05 
DEBUG @ Wed, 08 Apr 2026 14:28:23.457: findfont: score(FontEntry(fname='/usr/share/fonts/google-noto/NotoSansGurmukhi-SemiCondensedMedium.ttf', name='Noto Sans Gurmukhi', style='normal', variant='normal', weight=500, stretch='condensed', size='scalable')) = 10.344999999999999 
DEBUG @ Wed, 08 Apr 2026 14:28:23.457: findfont: score(FontEntry(fname='/usr/share/fonts/sil-nuosu/NuosuSIL-Regular.ttf', name='Nuosu SIL', style='normal', variant='normal', weight=400, stretch='normal', size='scalable')) = 10.05 
DEBUG @ Wed, 08 Apr 2026 14:28:23.457: findfont: score(FontEntry(fname='/usr/share/fonts/pt-sans-fonts/PTS55F.ttf', name='PT Sans', style='normal', variant='normal', weight=400, stretch='normal', size='scalable')) = 10.05 
DEBUG @ Wed, 08 Apr 2026 14:28:23.457: findfont: score(FontEntry(fname='/usr/share/fonts/google-noto/NotoSansGurmukhi-ExtraCondensedExtraBold.ttf', name='Noto Sans Gurmukhi', style='normal', variant='normal', weight=800, stretch='condensed', size='scalable')) = 10.629999999999999 
DEBUG @ Wed, 08 Apr 2026 14:28:23.457: findfont: score(FontEntry(fname='/usr/share/fonts/khmer-os-system-fonts/KhmerOS_sys.ttf', name='Khmer OS System', style='normal', variant='normal', weight=400, stretch='normal', size='scalable')) = 10.05 
DEBUG @ Wed, 08 Apr 2026 14:28:23.457: findfont: score(FontEntry(fname='/usr/share/fonts/google-noto-cjk/NotoSansCJK-Medium.ttc', name='Noto Sans CJK JP', style='normal', variant='normal', weight=500, stretch='normal', size='scalable')) = 10.145 
DEBUG @ Wed, 08 Apr 2026 14:28:23.457: findfont: score(FontEntry(fname='/usr/share/fonts/adobe-source-code-pro/SourceCodePro-ExtraLightIt.otf', name='Source Code Pro', style='italic', variant='normal', weight=200, stretch='normal', size='scalable')) = 11.24 
DEBUG @ Wed, 08 Apr 2026 14:28:23.457: findfont: score(FontEntry(fname='/usr/share/fonts/liberation-sans/LiberationSans-Regular.ttf', name='Liberation Sans', style='normal', variant='normal', weight=400, stretch='normal', size='scalable')) = 10.05 
DEBUG @ Wed, 08 Apr 2026 14:28:23.457: findfont: score(FontEntry(fname='/usr/share/fonts/adobe-source-code-pro/SourceCodePro-It.otf', name='Source Code Pro', style='italic', variant='normal', weight=400, stretch='normal', size='scalable')) = 11.05 
DEBUG @ Wed, 08 Apr 2026 14:28:23.457: findfont: score(FontEntry(fname='/usr/share/fonts/google-noto/NotoSansGurmukhi-CondensedSemiBold.ttf', name='Noto Sans Gurmukhi', style='normal', variant='normal', weight=600, stretch='condensed', size='scalable')) = 10.44 
DEBUG @ Wed, 08 Apr 2026 14:28:23.457: findfont: score(FontEntry(fname='/usr/share/fonts/pt-sans-fonts/PTN77F.ttf', name='PT Sans Narrow', style='normal', variant='normal', weight=700, stretch='condensed', size='scalable')) = 10.535 
DEBUG @ Wed, 08 Apr 2026 14:28:23.458: findfont: score(FontEntry(fname='/usr/share/fonts/liberation-serif/LiberationSerif-Italic.ttf', name='Liberation Serif', style='italic', variant='normal', weight=400, stretch='normal', size='scalable')) = 11.05 
DEBUG @ Wed, 08 Apr 2026 14:28:23.458: findfont: score(FontEntry(fname='/usr/share/fonts/google-droid-sans-fonts/DroidSansDevanagari-Regular.ttf', name='Droid Sans Devanagari', style='normal', variant='normal', weight=400, stretch='normal', size='scalable')) = 10.05 
DEBUG @ Wed, 08 Apr 2026 14:28:23.458: findfont: score(FontEntry(fname='/usr/share/fonts/sil-padauk/Padauk-Regular.ttf', name='Padauk', style='normal', variant='normal', weight=400, stretch='normal', size='scalable')) = 10.05 
DEBUG @ Wed, 08 Apr 2026 14:28:23.458: findfont: score(FontEntry(fname='/usr/share/fonts/liberation-serif/LiberationSerif-Regular.ttf', name='Liberation Serif', style='normal', variant='normal', weight=400, stretch='normal', size='scalable')) = 10.05 
DEBUG @ Wed, 08 Apr 2026 14:28:23.458: findfont: score(FontEntry(fname='/usr/share/fonts/google-noto/NotoSansGurmukhi-CondensedBold.ttf', name='Noto Sans Gurmukhi', style='normal', variant='normal', weight=700, stretch='condensed', size='scalable')) = 10.535 
DEBUG @ Wed, 08 Apr 2026 14:28:23.458: findfont: score(FontEntry(fname='/usr/share/fonts/google-noto-cjk/NotoSerifCJK-Regular.ttc', name='Noto Serif CJK JP', style='normal', variant='normal', weight=400, stretch='normal', size='scalable')) = 10.05 
DEBUG @ Wed, 08 Apr 2026 14:28:23.458: findfont: score(FontEntry(fname='/usr/share/fonts/cantarell/Cantarell-Thin.otf', name='Cantarell', style='normal', variant='normal', weight=100, stretch='normal', size='scalable')) = 10.335 
DEBUG @ Wed, 08 Apr 2026 14:28:23.458: findfont: score(FontEntry(fname='/usr/share/fonts/urw-base35/NimbusMonoPS-Bold.otf', name='Nimbus Mono PS', style='normal', variant='normal', weight=700, stretch='normal', size='scalable')) = 10.335 
DEBUG @ Wed, 08 Apr 2026 14:28:23.458: findfont: score(FontEntry(fname='/usr/share/fonts/adobe-source-code-pro/SourceCodePro-ExtraLight.otf', name='Source Code Pro', style='normal', variant='normal', weight=200, stretch='normal', size='scalable')) = 10.24 
DEBUG @ Wed, 08 Apr 2026 14:28:23.458: findfont: score(FontEntry(fname='/usr/share/fonts/julietaula-montserrat/Montserrat-Thin.otf', name='Montserrat', style='normal', variant='normal', weight=100, stretch='normal', size='scalable')) = 10.335 
DEBUG @ Wed, 08 Apr 2026 14:28:23.458: findfont: score(FontEntry(fname='/usr/share/fonts/urw-base35/NimbusSans-Bold.otf', name='Nimbus Sans', style='normal', variant='normal', weight=700, stretch='normal', size='scalable')) = 10.335 
DEBUG @ Wed, 08 Apr 2026 14:28:23.458: findfont: score(FontEntry(fname='/usr/share/fonts/google-noto/NotoSansGurmukhi-Medium.ttf', name='Noto Sans Gurmukhi', style='normal', variant='normal', weight=500, stretch='normal', size='scalable')) = 10.145 
DEBUG @ Wed, 08 Apr 2026 14:28:23.458: findfont: score(FontEntry(fname='/usr/share/fonts/google-droid-sans-fonts/DroidSansEthiopic-Bold.ttf', name='Droid Sans Ethiopic', style='normal', variant='normal', weight=700, stretch='normal', size='scalable')) = 10.335 
DEBUG @ Wed, 08 Apr 2026 14:28:23.458: findfont: score(FontEntry(fname='/usr/share/fonts/urw-base35/NimbusRoman-Bold.otf', name='Nimbus Roman', style='normal', variant='normal', weight=700, stretch='normal', size='scalable')) = 10.335 
DEBUG @ Wed, 08 Apr 2026 14:28:23.458: findfont: score(FontEntry(fname='/usr/share/fonts/urw-base35/NimbusMonoPS-BoldItalic.otf', name='Nimbus Mono PS', style='italic', variant='normal', weight=700, stretch='normal', size='scalable')) = 11.335 
DEBUG @ Wed, 08 Apr 2026 14:28:23.458: findfont: score(FontEntry(fname='/usr/share/fonts/adobe-source-code-pro/SourceCodePro-LightIt.otf', name='Source Code Pro', style='italic', variant='normal', weight=300, stretch='normal', size='scalable')) = 11.145 
DEBUG @ Wed, 08 Apr 2026 14:28:23.458: findfont: score(FontEntry(fname='/usr/share/fonts/google-noto/NotoSansGurmukhi-Regular.ttf', name='Noto Sans Gurmukhi', style='normal', variant='normal', weight=400, stretch='normal', size='scalable')) = 10.05 
DEBUG @ Wed, 08 Apr 2026 14:28:23.458: findfont: score(FontEntry(fname='/usr/share/fonts/liberation-sans/LiberationSans-Italic.ttf', name='Liberation Sans', style='italic', variant='normal', weight=400, stretch='normal', size='scalable')) = 11.05 
DEBUG @ Wed, 08 Apr 2026 14:28:23.458: findfont: score(FontEntry(fname='/usr/share/fonts/google-noto/NotoSansGurmukhi-CondensedThin.ttf', name='Noto Sans Gurmukhi', style='normal', variant='normal', weight=100, stretch='condensed', size='scalable')) = 10.535 
DEBUG @ Wed, 08 Apr 2026 14:28:23.458: findfont: score(FontEntry(fname='/usr/share/fonts/julietaula-montserrat/Montserrat-ExtraLightItalic.otf', name='Montserrat', style='italic', variant='normal', weight=275, stretch='normal', size='scalable')) = 11.16875 
DEBUG @ Wed, 08 Apr 2026 14:28:23.458: findfont: score(FontEntry(fname='/usr/share/fonts/adobe-source-code-pro/SourceCodePro-Black.otf', name='Source Code Pro', style='normal', variant='normal', weight=900, stretch='normal', size='scalable')) = 10.525 
DEBUG @ Wed, 08 Apr 2026 14:28:23.458: findfont: score(FontEntry(fname='/usr/share/fonts/stix-fonts/STIX2Math.otf', name='STIX Two Math', style='normal', variant='normal', weight=400, stretch='normal', size='scalable')) = 10.05 
DEBUG @ Wed, 08 Apr 2026 14:28:23.458: findfont: score(FontEntry(fname='/usr/share/fonts/stix-fonts/STIX2Text-Bold.otf', name='STIX Two Text', style='normal', variant='normal', weight=700, stretch='normal', size='scalable')) = 10.335 
DEBUG @ Wed, 08 Apr 2026 14:28:23.458: findfont: score(FontEntry(fname='/usr/share/fonts/google-noto/NotoSansGurmukhi-ExtraCondensedBlack.ttf', name='Noto Sans Gurmukhi', style='normal', variant='normal', weight=900, stretch='condensed', size='scalable')) = 10.725 
DEBUG @ Wed, 08 Apr 2026 14:28:23.458: findfont: score(FontEntry(fname='/usr/share/fonts/google-noto/NotoSansGurmukhi-SemiCondensedExtraBold.ttf', name='Noto Sans Gurmukhi', style='normal', variant='normal', weight=800, stretch='condensed', size='scalable')) = 10.629999999999999 
DEBUG @ Wed, 08 Apr 2026 14:28:23.458: findfont: score(FontEntry(fname='/usr/share/fonts/julietaula-montserrat/Montserrat-ExtraBold.otf', name='Montserrat', style='normal', variant='normal', weight=800, stretch='normal', size='scalable')) = 10.43 
DEBUG @ Wed, 08 Apr 2026 14:28:23.458: findfont: score(FontEntry(fname='/usr/share/fonts/google-droid-sans-fonts/DroidSansGeorgian.ttf', name='Droid Sans Georgian', style='normal', variant='normal', weight=400, stretch='normal', size='scalable')) = 10.05 
DEBUG @ Wed, 08 Apr 2026 14:28:23.458: findfont: score(FontEntry(fname='/usr/share/fonts/paktype-naskh-basic/PakTypeNaskhBasic.ttf', name='PakType Naskh Basic', style='normal', variant='normal', weight=400, stretch='normal', size='scalable')) = 10.05 
DEBUG @ Wed, 08 Apr 2026 14:28:23.458: findfont: score(FontEntry(fname='/usr/share/fonts/julietaula-montserrat/Montserrat-ThinItalic.otf', name='Montserrat', style='italic', variant='normal', weight=100, stretch='normal', size='scalable')) = 11.335 
DEBUG @ Wed, 08 Apr 2026 14:28:23.458: findfont: score(FontEntry(fname='/usr/share/fonts/urw-base35/C059-Roman.otf', name='C059', style='normal', variant='normal', weight=400, stretch='normal', size='scalable')) = 10.05 
DEBUG @ Wed, 08 Apr 2026 14:28:23.458: findfont: score(FontEntry(fname='/usr/share/fonts/lohit-assamese/Lohit-Assamese.ttf', name='Lohit Assamese', style='normal', variant='normal', weight=400, stretch='normal', size='scalable')) = 10.05 
DEBUG @ Wed, 08 Apr 2026 14:28:23.458: findfont: score(FontEntry(fname='/usr/share/fonts/adobe-source-code-pro/SourceCodePro-MediumIt.otf', name='Source Code Pro', style='italic', variant='normal', weight=500, stretch='normal', size='scalable')) = 11.145 
DEBUG @ Wed, 08 Apr 2026 14:28:23.458: findfont: score(FontEntry(fname='/usr/share/fonts/google-noto-cjk/NotoSansCJK-DemiLight.ttc', name='Noto Sans CJK JP', style='normal', variant='normal', weight=350, stretch='normal', size='scalable')) = 10.0975 
DEBUG @ Wed, 08 Apr 2026 14:28:23.459: findfont: score(FontEntry(fname='/usr/share/fonts/julietaula-montserrat/Montserrat-ExtraLight.otf', name='Montserrat', style='normal', variant='normal', weight=275, stretch='normal', size='scalable')) = 10.16875 
DEBUG @ Wed, 08 Apr 2026 14:28:23.459: findfont: score(FontEntry(fname='/usr/share/fonts/adobe-source-code-pro/SourceCodePro-Bold.otf', name='Source Code Pro', style='normal', variant='normal', weight=700, stretch='normal', size='scalable')) = 10.335 
DEBUG @ Wed, 08 Apr 2026 14:28:23.459: findfont: score(FontEntry(fname='/usr/share/fonts/google-noto-cjk/NotoSerifCJK-SemiBold.ttc', name='Noto Serif CJK JP', style='normal', variant='normal', weight=600, stretch='normal', size='scalable')) = 10.24 
DEBUG @ Wed, 08 Apr 2026 14:28:23.459: findfont: score(FontEntry(fname='/usr/share/fonts/google-noto-cjk/NotoSansCJK-Black.ttc', name='Noto Sans CJK JP', style='normal', variant='normal', weight=900, stretch='normal', size='scalable')) = 10.525 
DEBUG @ Wed, 08 Apr 2026 14:28:23.459: findfont: score(FontEntry(fname='/usr/share/fonts/urw-base35/URWBookman-LightItalic.otf', name='URW Bookman', style='italic', variant='normal', weight=300, stretch='normal', size='scalable')) = 11.145 
DEBUG @ Wed, 08 Apr 2026 14:28:23.459: findfont: score(FontEntry(fname='/usr/share/fonts/thai-scalable/Waree-Bold.otf', name='Waree', style='normal', variant='normal', weight=700, stretch='normal', size='scalable')) = 10.335 
DEBUG @ Wed, 08 Apr 2026 14:28:23.459: findfont: score(FontEntry(fname='/usr/share/fonts/dejavu-sans-fonts/DejaVuSans-BoldOblique.ttf', name='DejaVu Sans', style='oblique', variant='normal', weight=700, stretch='normal', size='scalable')) = 1.335 
DEBUG @ Wed, 08 Apr 2026 14:28:23.459: findfont: score(FontEntry(fname='/usr/share/fonts/google-noto/NotoSansGurmukhi-SemiCondensedBold.ttf', name='Noto Sans Gurmukhi', style='normal', variant='normal', weight=700, stretch='condensed', size='scalable')) = 10.535 
DEBUG @ Wed, 08 Apr 2026 14:28:23.459: findfont: score(FontEntry(fname='/usr/share/fonts/adobe-source-code-pro/SourceCodePro-Light.otf', name='Source Code Pro', style='normal', variant='normal', weight=300, stretch='normal', size='scalable')) = 10.145 
DEBUG @ Wed, 08 Apr 2026 14:28:23.459: findfont: score(FontEntry(fname='/usr/share/fonts/lohit-telugu/Lohit-Telugu.ttf', name='Lohit Telugu', style='normal', variant='normal', weight=400, stretch='normal', size='scalable')) = 10.05 
DEBUG @ Wed, 08 Apr 2026 14:28:23.459: findfont: score(FontEntry(fname='/usr/share/fonts/google-noto/NotoSansGurmukhi-SemiCondensedExtraLight.ttf', name='Noto Sans Gurmukhi', style='normal', variant='normal', weight=200, stretch='condensed', size='scalable')) = 10.44 
DEBUG @ Wed, 08 Apr 2026 14:28:23.459: findfont: score(FontEntry(fname='/usr/share/fonts/google-noto/NotoSansGurmukhi-SemiCondensedSemiBold.ttf', name='Noto Sans Gurmukhi', style='normal', variant='normal', weight=600, stretch='condensed', size='scalable')) = 10.44 
DEBUG @ Wed, 08 Apr 2026 14:28:23.459: findfont: score(FontEntry(fname='/usr/share/fonts/adobe-source-code-pro/SourceCodePro-Semibold.otf', name='Source Code Pro', style='normal', variant='normal', weight=600, stretch='normal', size='scalable')) = 10.24 
DEBUG @ Wed, 08 Apr 2026 14:28:23.459: findfont: score(FontEntry(fname='/usr/share/fonts/google-noto-cjk/NotoSerifCJK-ExtraLight.ttc', name='Noto Serif CJK JP', style='normal', variant='normal', weight=200, stretch='normal', size='scalable')) = 10.24 
DEBUG @ Wed, 08 Apr 2026 14:28:23.459: findfont: score(FontEntry(fname='/usr/share/fonts/google-noto/NotoSansGurmukhi-Bold.ttf', name='Noto Sans Gurmukhi', style='normal', variant='normal', weight=700, stretch='normal', size='scalable')) = 10.335 
DEBUG @ Wed, 08 Apr 2026 14:28:23.459: findfont: score(FontEntry(fname='/usr/share/fonts/google-droid-sans-fonts/DroidSansHebrew-Bold.ttf', name='Droid Sans Hebrew', style='normal', variant='normal', weight=600, stretch='normal', size='scalable')) = 10.24 
DEBUG @ Wed, 08 Apr 2026 14:28:23.459: findfont: score(FontEntry(fname='/usr/share/fonts/urw-base35/URWGothic-DemiOblique.otf', name='URW Gothic', style='oblique', variant='normal', weight=600, stretch='normal', size='scalable')) = 11.24 
DEBUG @ Wed, 08 Apr 2026 14:28:23.459: findfont: score(FontEntry(fname='/usr/share/fonts/urw-base35/NimbusMonoPS-Italic.otf', name='Nimbus Mono PS', style='italic', variant='normal', weight=400, stretch='normal', size='scalable')) = 11.05 
DEBUG @ Wed, 08 Apr 2026 14:28:23.459: findfont: score(FontEntry(fname='/usr/share/fonts/dejavu-serif-fonts/DejaVuSerifCondensed-Bold.ttf', name='DejaVu Serif', style='normal', variant='normal', weight=700, stretch='condensed', size='scalable')) = 10.535 
DEBUG @ Wed, 08 Apr 2026 14:28:23.459: findfont: score(FontEntry(fname='/usr/share/fonts/julietaula-montserrat/Montserrat-Bold.otf', name='Montserrat', style='normal', variant='normal', weight=700, stretch='normal', size='scalable')) = 10.335 
DEBUG @ Wed, 08 Apr 2026 14:28:23.459: findfont: score(FontEntry(fname='/usr/share/fonts/google-noto/NotoSansGurmukhi-ExtraCondensedSemiBold.ttf', name='Noto Sans Gurmukhi', style='normal', variant='normal', weight=600, stretch='condensed', size='scalable')) = 10.44 
DEBUG @ Wed, 08 Apr 2026 14:28:23.459: findfont: score(FontEntry(fname='/usr/share/fonts/lohit-tamil/Lohit-Tamil.ttf', name='Lohit Tamil', style='normal', variant='normal', weight=400, stretch='normal', size='scalable')) = 10.05 
DEBUG @ Wed, 08 Apr 2026 14:28:23.459: findfont: score(FontEntry(fname='/usr/share/fonts/urw-base35/NimbusSans-BoldItalic.otf', name='Nimbus Sans', style='italic', variant='normal', weight=700, stretch='normal', size='scalable')) = 11.335 
DEBUG @ Wed, 08 Apr 2026 14:28:23.459: findfont: score(FontEntry(fname='/usr/share/fonts/dejavu-sans-fonts/DejaVuSansCondensed.ttf', name='DejaVu Sans', style='normal', variant='normal', weight=400, stretch='condensed', size='scalable')) = 0.25 
DEBUG @ Wed, 08 Apr 2026 14:28:23.459: findfont: score(FontEntry(fname='/usr/share/fonts/smc-meera/Meera-Regular.ttf', name='Meera', style='normal', variant='normal', weight=400, stretch='normal', size='scalable')) = 10.05 
DEBUG @ Wed, 08 Apr 2026 14:28:23.459: findfont: score(FontEntry(fname='/usr/share/fonts/liberation-serif/LiberationSerif-Bold.ttf', name='Liberation Serif', style='normal', variant='normal', weight=700, stretch='normal', size='scalable')) = 10.335 
DEBUG @ Wed, 08 Apr 2026 14:28:23.459: findfont: score(FontEntry(fname='/usr/share/fonts/liberation-sans/LiberationSans-Bold.ttf', name='Liberation Sans', style='normal', variant='normal', weight=700, stretch='normal', size='scalable')) = 10.335 
DEBUG @ Wed, 08 Apr 2026 14:28:23.459: findfont: score(FontEntry(fname='/usr/share/fonts/urw-base35/P052-Italic.otf', name='P052', style='italic', variant='normal', weight=400, stretch='normal', size='scalable')) = 11.05 
DEBUG @ Wed, 08 Apr 2026 14:28:23.459: findfont: score(FontEntry(fname='/usr/share/fonts/google-noto/NotoSansGurmukhi-CondensedMedium.ttf', name='Noto Sans Gurmukhi', style='normal', variant='normal', weight=500, stretch='condensed', size='scalable')) = 10.344999999999999 
DEBUG @ Wed, 08 Apr 2026 14:28:23.459: findfont: score(FontEntry(fname='/usr/share/fonts/dejavu-sans-fonts/DejaVuSans-Oblique.ttf', name='DejaVu Sans', style='oblique', variant='normal', weight=400, stretch='normal', size='scalable')) = 1.05 
DEBUG @ Wed, 08 Apr 2026 14:28:23.459: findfont: score(FontEntry(fname='/usr/share/fonts/dejavu-sans-fonts/DejaVuSans.ttf', name='DejaVu Sans', style='normal', variant='normal', weight=400, stretch='normal', size='scalable')) = 0.05 
DEBUG @ Wed, 08 Apr 2026 14:28:23.459: findfont: score(FontEntry(fname='/usr/share/fonts/pt-sans-fonts/PTC75F.ttf', name='PT Sans Caption', style='normal', variant='normal', weight=700, stretch='normal', size='scalable')) = 10.335 
DEBUG @ Wed, 08 Apr 2026 14:28:23.459: findfont: score(FontEntry(fname='/usr/share/fonts/google-noto-cjk/NotoSerifCJK-Light.ttc', name='Noto Serif CJK JP', style='normal', variant='normal', weight=300, stretch='normal', size='scalable')) = 10.145 
DEBUG @ Wed, 08 Apr 2026 14:28:23.460: findfont: score(FontEntry(fname='/usr/share/fonts/liberation-mono/LiberationMono-BoldItalic.ttf', name='Liberation Mono', style='italic', variant='normal', weight=700, stretch='normal', size='scalable')) = 11.335 
DEBUG @ Wed, 08 Apr 2026 14:28:23.460: findfont: score(FontEntry(fname='/usr/share/fonts/thai-scalable/Waree-BoldOblique.otf', name='Waree', style='oblique', variant='normal', weight=700, stretch='normal', size='scalable')) = 11.335 
DEBUG @ Wed, 08 Apr 2026 14:28:23.460: findfont: score(FontEntry(fname='/usr/share/fonts/julietaula-montserrat/Montserrat-LightItalic.otf', name='Montserrat', style='italic', variant='normal', weight=300, stretch='normal', size='scalable')) = 11.145 
DEBUG @ Wed, 08 Apr 2026 14:28:23.460: findfont: score(FontEntry(fname='/usr/share/fonts/cantarell/Cantarell-VF.otf', name='Cantarell', style='normal', variant='normal', weight=400, stretch='normal', size='scalable')) = 10.05 
DEBUG @ Wed, 08 Apr 2026 14:28:23.460: findfont: score(FontEntry(fname='/usr/share/fonts/liberation-mono/LiberationMono-Regular.ttf', name='Liberation Mono', style='normal', variant='normal', weight=400, stretch='normal', size='scalable')) = 10.05 
DEBUG @ Wed, 08 Apr 2026 14:28:23.460: findfont: score(FontEntry(fname='/usr/share/fonts/urw-base35/NimbusSans-Italic.otf', name='Nimbus Sans', style='italic', variant='normal', weight=400, stretch='normal', size='scalable')) = 11.05 
DEBUG @ Wed, 08 Apr 2026 14:28:23.460: findfont: score(FontEntry(fname='/usr/share/fonts/jomolhari-fonts/Jomolhari-alpha3c-0605331.ttf', name='Jomolhari', style='normal', variant='normal', weight=400, stretch='normal', size='scalable')) = 10.05 
DEBUG @ Wed, 08 Apr 2026 14:28:23.460: findfont: score(FontEntry(fname='/usr/share/fonts/adobe-source-code-pro/SourceCodePro-BlackIt.otf', name='Source Code Pro', style='italic', variant='normal', weight=900, stretch='normal', size='scalable')) = 11.525 
DEBUG @ Wed, 08 Apr 2026 14:28:23.460: findfont: score(FontEntry(fname='/usr/share/fonts/dejavu-sans-fonts/DejaVuSansCondensed-Bold.ttf', name='DejaVu Sans', style='normal', variant='normal', weight=700, stretch='condensed', size='scalable')) = 0.5349999999999999 
DEBUG @ Wed, 08 Apr 2026 14:28:23.460: findfont: Matching sans\-serif:style=normal:variant=normal:weight=normal:stretch=normal:size=10.0 to DejaVu Sans ('/home/stoca738/miniconda3/lib/python3.13/site-packages/matplotlib/mpl-data/fonts/ttf/DejaVuSans.ttf') with score of 0.050000. 
DEBUG @ Wed, 08 Apr 2026 14:28:23.769: Assigning font /F1 = '/home/stoca738/miniconda3/lib/python3.13/site-packages/matplotlib/mpl-data/fonts/ttf/DejaVuSans.ttf' 
DEBUG @ Wed, 08 Apr 2026 14:28:23.794: Embedding font /home/stoca738/miniconda3/lib/python3.13/site-packages/matplotlib/mpl-data/fonts/ttf/DejaVuSans.ttf. 
DEBUG @ Wed, 08 Apr 2026 14:28:23.794: Writing TrueType font. 
DEBUG @ Wed, 08 Apr 2026 14:28:23.910: Assigning font /F1 = '/home/stoca738/miniconda3/lib/python3.13/site-packages/matplotlib/mpl-data/fonts/ttf/DejaVuSans.ttf' 
DEBUG @ Wed, 08 Apr 2026 14:28:23.933: Embedding font /home/stoca738/miniconda3/lib/python3.13/site-packages/matplotlib/mpl-data/fonts/ttf/DejaVuSans.ttf. 
DEBUG @ Wed, 08 Apr 2026 14:28:23.933: Writing TrueType font. 
DEBUG @ Wed, 08 Apr 2026 14:28:24.041: Assigning font /F1 = '/home/stoca738/miniconda3/lib/python3.13/site-packages/matplotlib/mpl-data/fonts/ttf/DejaVuSans.ttf' 
DEBUG @ Wed, 08 Apr 2026 14:28:24.059: Embedding font /home/stoca738/miniconda3/lib/python3.13/site-packages/matplotlib/mpl-data/fonts/ttf/DejaVuSans.ttf. 
DEBUG @ Wed, 08 Apr 2026 14:28:24.059: Writing TrueType font. 
DEBUG @ Wed, 08 Apr 2026 14:28:24.112: Assigning font /F1 = '/home/stoca738/miniconda3/lib/python3.13/site-packages/matplotlib/mpl-data/fonts/ttf/DejaVuSans.ttf' 
DEBUG @ Wed, 08 Apr 2026 14:28:24.157: Embedding font /home/stoca738/miniconda3/lib/python3.13/site-packages/matplotlib/mpl-data/fonts/ttf/DejaVuSans.ttf. 
DEBUG @ Wed, 08 Apr 2026 14:28:24.157: Writing TrueType font. 
DEBUG @ Wed, 08 Apr 2026 14:28:24.209: Assigning font /F1 = '/home/stoca738/miniconda3/lib/python3.13/site-packages/matplotlib/mpl-data/fonts/ttf/DejaVuSans.ttf' 
DEBUG @ Wed, 08 Apr 2026 14:28:24.252: Embedding font /home/stoca738/miniconda3/lib/python3.13/site-packages/matplotlib/mpl-data/fonts/ttf/DejaVuSans.ttf. 
DEBUG @ Wed, 08 Apr 2026 14:28:24.252: Writing TrueType font. 
DEBUG @ Wed, 08 Apr 2026 14:28:24.307: Assigning font /F1 = '/home/stoca738/miniconda3/lib/python3.13/site-packages/matplotlib/mpl-data/fonts/ttf/DejaVuSans.ttf' 
DEBUG @ Wed, 08 Apr 2026 14:28:24.349: Embedding font /home/stoca738/miniconda3/lib/python3.13/site-packages/matplotlib/mpl-data/fonts/ttf/DejaVuSans.ttf. 
DEBUG @ Wed, 08 Apr 2026 14:28:24.349: Writing TrueType font. 
